<?xml version="1.0" encoding="UTF-8"?>
<!-- Generated by org.testng.reporters.JUnitXMLReporter -->
<testsuite ignored="4" hostname="LAPTOP-TI61EAF6" failures="2" tests="3" name="Surefire test" time="2.621" errors="0" timestamp="2025-09-12T20:05:57 IST">
  <testcase classname="NaveenAutomationLabs.ScenariosTest.LoginTest" name="ValidLogin" time="0.001"/>
  <testcase classname="NaveenAutomationLabs.ScenariosTest.RegisterTest" name="ValidRegisterTC1" time="0.012">
    <failure type="java.lang.NullPointerException" message="Cannot invoke &amp;quot;org.openqa.selenium.SearchContext.findElement(org.openqa.selenium.By)&amp;quot; because &amp;quot;this.searchContext&amp;quot; is null">
      <![CDATA[java.lang.NullPointerException: Cannot invoke "org.openqa.selenium.SearchContext.findElement(org.openqa.selenium.By)" because "this.searchContext" is null
at org.openqa.selenium.support.pagefactory.DefaultElementLocator.findElement(DefaultElementLocator.java:68)
at org.openqa.selenium.support.pagefactory.internal.LocatingElementHandler.invoke(LocatingElementHandler.java:38)
at jdk.proxy2/jdk.proxy2.$Proxy11.click(Unknown Source)
at NaveenAutomationLabs.PageObject.RegisterPage.RegisterNewUser(RegisterPage.java:48)
at NaveenAutomationLabs.ScenariosTest.RegisterTest.ValidRegisterTC1(RegisterTest.java:25)
at java.base/java.util.ArrayList.forEach(ArrayList.java:1511)
... Removed 32 stack frames]]>
    </failure>
  </testcase> <!-- ValidRegisterTC1 -->
  <testcase classname="NaveenAutomationLabs.ScenariosTest.RegisterTest" name="ValidRegisterTC1" time="0.001">
    <failure type="java.lang.NullPointerException" message="Cannot invoke &amp;quot;org.openqa.selenium.SearchContext.findElement(org.openqa.selenium.By)&amp;quot; because &amp;quot;this.searchContext&amp;quot; is null">
      <![CDATA[java.lang.NullPointerException: Cannot invoke "org.openqa.selenium.SearchContext.findElement(org.openqa.selenium.By)" because "this.searchContext" is null
at org.openqa.selenium.support.pagefactory.DefaultElementLocator.findElement(DefaultElementLocator.java:68)
at org.openqa.selenium.support.pagefactory.internal.LocatingElementHandler.invoke(LocatingElementHandler.java:38)
at jdk.proxy2/jdk.proxy2.$Proxy11.click(Unknown Source)
at NaveenAutomationLabs.PageObject.RegisterPage.RegisterNewUser(RegisterPage.java:48)
at NaveenAutomationLabs.ScenariosTest.RegisterTest.ValidRegisterTC1(RegisterTest.java:25)
at java.base/java.util.ArrayList.forEach(ArrayList.java:1511)
... Removed 32 stack frames]]>
    </failure>
  </testcase> <!-- ValidRegisterTC1 -->
  <testcase classname="NaveenAutomationLabs.BaseTest.BaseTest" name="@BeforeTest LaunchApplication" time="0.0">
    <ignored/>
  </testcase> <!-- @BeforeTest LaunchApplication -->
  <testcase classname="NaveenAutomationLabs.BaseTest.BaseTest" name="@BeforeTest LaunchApplication" time="0.0">
    <ignored/>
  </testcase> <!-- @BeforeTest LaunchApplication -->
  <testcase classname="NaveenAutomationLabs.BaseTest.BaseTest" name="@AfterTest tearDown" time="0.0">
    <ignored/>
  </testcase> <!-- @AfterTest tearDown -->
  <testcase classname="NaveenAutomationLabs.BaseTest.BaseTest" name="@AfterTest tearDown" time="0.0">
    <ignored/>
  </testcase> <!-- @AfterTest tearDown -->
</testsuite> <!-- Surefire test -->
