<?xml version="1.0" encoding="UTF-8"?>
<testng-results ignored="0" total="2" passed="1" failed="1" skipped="0">
  <reporter-output>
  </reporter-output>
  <suite started-at="2025-09-12T21:23:19 IST" name="Suite" finished-at="2025-09-12T21:23:28 IST" duration-ms="9017">
    <groups>
    </groups>
    <test started-at="2025-09-12T21:23:19 IST" name="Test" finished-at="2025-09-12T21:23:28 IST" duration-ms="9017">
      <class name="NaveenAutomationLabs.ScenariosTest.RegisterTest">
        <test-method is-config="true" signature="LaunchApplication()[pri:0, instance:NaveenAutomationLabs.ScenariosTest.RegisterTest@710636b0]" started-at="2025-09-12T21:23:19 IST" name="LaunchApplication" finished-at="2025-09-12T21:23:22 IST" duration-ms="2811" status="PASS">
          <reporter-output>
          </reporter-output>
        </test-method> <!-- LaunchApplication -->
        <test-method signature="ValidRegisterTC1(java.util.HashMap)[pri:0, instance:NaveenAutomationLabs.ScenariosTest.RegisterTest@710636b0]" started-at="2025-09-12T21:23:22 IST" name="ValidRegisterTC1" data-provider="DataSet" finished-at="2025-09-12T21:23:24 IST" duration-ms="1626" status="FAIL">
          <params>
            <param index="0">
              <value>
                <![CDATA[{TelePhone=9022320931, Email=naveen159@gmail.com, LName=LastName, FName=naveen121, Password=Abcd@@1234}]]>
              </value>
            </param>
          </params>
          <exception class="java.lang.AssertionError">
            <message>
              <![CDATA[expected [Your Account Has Been Created!] but found [Register Account]]]>
            </message>
            <full-stacktrace>
              <![CDATA[java.lang.AssertionError: expected [Your Account Has Been Created!] but found [Register Account]
at org.testng.Assert.fail(Assert.java:111)
at org.testng.Assert.failNotEquals(Assert.java:1590)
at org.testng.Assert.assertEqualsImpl(Assert.java:150)
at org.testng.Assert.assertEquals(Assert.java:132)
at org.testng.Assert.assertEquals(Assert.java:656)
at org.testng.Assert.assertEquals(Assert.java:666)
at NaveenAutomationLabs.ScenariosTest.RegisterTest.ValidRegisterTC1(RegisterTest.java:27)
at java.base/jdk.internal.reflect.NativeMethodAccessorImpl.invoke0(Native Method)
at java.base/jdk.internal.reflect.NativeMethodAccessorImpl.invoke(NativeMethodAccessorImpl.java:77)
at java.base/jdk.internal.reflect.DelegatingMethodAccessorImpl.invoke(DelegatingMethodAccessorImpl.java:43)
at java.base/java.lang.reflect.Method.invoke(Method.java:568)
at org.testng.internal.invokers.MethodInvocationHelper.invokeMethod(MethodInvocationHelper.java:141)
at org.testng.internal.invokers.TestInvoker.invokeMethod(TestInvoker.java:687)
at org.testng.internal.invokers.TestInvoker.invokeTestMethod(TestInvoker.java:230)
at org.testng.internal.invokers.MethodRunner.runInSequence(MethodRunner.java:63)
at org.testng.internal.invokers.TestInvoker$MethodInvocationAgent.invoke(TestInvoker.java:995)
at org.testng.internal.invokers.TestInvoker.invokeTestMethods(TestInvoker.java:203)
at org.testng.internal.invokers.TestMethodWorker.invokeTestMethods(TestMethodWorker.java:154)
at org.testng.internal.invokers.TestMethodWorker.run(TestMethodWorker.java:134)
at java.base/java.util.ArrayList.forEach(ArrayList.java:1511)
at org.testng.TestRunner.privateRun(TestRunner.java:741)
at org.testng.TestRunner.run(TestRunner.java:616)
at org.testng.SuiteRunner.runTest(SuiteRunner.java:421)
at org.testng.SuiteRunner.runSequentially(SuiteRunner.java:413)
at org.testng.SuiteRunner.privateRun(SuiteRunner.java:373)
at org.testng.SuiteRunner.run(SuiteRunner.java:312)
at org.testng.SuiteRunnerWorker.runSuite(SuiteRunnerWorker.java:52)
at org.testng.SuiteRunnerWorker.run(SuiteRunnerWorker.java:95)
at org.testng.TestNG.runSuitesSequentially(TestNG.java:1274)
at org.testng.TestNG.runSuitesLocally(TestNG.java:1208)
at org.testng.TestNG.runSuites(TestNG.java:1112)
at org.testng.TestNG.run(TestNG.java:1079)
at org.apache.maven.surefire.testng.TestNGExecutor.run(TestNGExecutor.java:308)
at org.apache.maven.surefire.testng.TestNGXmlTestSuite.execute(TestNGXmlTestSuite.java:71)
at org.apache.maven.surefire.testng.TestNGProvider.invoke(TestNGProvider.java:113)
at org.apache.maven.surefire.booter.ForkedBooter.runSuitesInProcess(ForkedBooter.java:385)
at org.apache.maven.surefire.booter.ForkedBooter.execute(ForkedBooter.java:162)
at org.apache.maven.surefire.booter.ForkedBooter.run(ForkedBooter.java:507)
at org.apache.maven.surefire.booter.ForkedBooter.main(ForkedBooter.java:495)
]]>
            </full-stacktrace>
          </exception> <!-- java.lang.AssertionError -->
          <reporter-output>
          </reporter-output>
        </test-method> <!-- ValidRegisterTC1 -->
        <test-method signature="ValidRegisterTC1(java.util.HashMap)[pri:0, instance:NaveenAutomationLabs.ScenariosTest.RegisterTest@710636b0]" started-at="2025-09-12T21:23:24 IST" name="ValidRegisterTC1" data-provider="DataSet" finished-at="2025-09-12T21:23:28 IST" duration-ms="4004" status="PASS">
          <params>
            <param index="0">
              <value>
                <![CDATA[{TelePhone=9022320931, Email=naveen160@gmail.com, LName=LastName, FName=NaveenTest2, Password=Abcd@@1234}]]>
              </value>
            </param>
          </params>
          <reporter-output>
          </reporter-output>
        </test-method> <!-- ValidRegisterTC1 -->
        <test-method is-config="true" signature="tearDown()[pri:0, instance:NaveenAutomationLabs.ScenariosTest.RegisterTest@710636b0]" started-at="2025-09-12T21:23:28 IST" name="tearDown" finished-at="2025-09-12T21:23:28 IST" duration-ms="310" status="PASS">
          <reporter-output>
          </reporter-output>
        </test-method> <!-- tearDown -->
      </class> <!-- NaveenAutomationLabs.ScenariosTest.RegisterTest -->
    </test> <!-- Test -->
  </suite> <!-- Suite -->
</testng-results>
