<?xml version="1.0" encoding="UTF-8"?>
<testng-results ignored="0" total="2" passed="1" failed="1" skipped="0">
  <reporter-output>
  </reporter-output>
  <suite started-at="2025-09-12T21:56:21 IST" name="Default suite" finished-at="2025-09-12T21:56:32 IST" duration-ms="10827">
    <groups>
    </groups>
    <test started-at="2025-09-12T21:56:21 IST" name="Default test" finished-at="2025-09-12T21:56:32 IST" duration-ms="10827">
      <class name="NaveenAutomationLabs.ScenariosTest.RegisterTest">
        <test-method is-config="true" signature="LaunchApplication()[pri:0, instance:NaveenAutomationLabs.ScenariosTest.RegisterTest@7ee8290b]" started-at="2025-09-12T21:56:21 IST" name="LaunchApplication" finished-at="2025-09-12T21:56:26 IST" duration-ms="5188" status="PASS">
          <reporter-output>
          </reporter-output>
        </test-method> <!-- LaunchApplication -->
        <test-method signature="ValidRegisterTC1(java.util.HashMap)[pri:0, instance:NaveenAutomationLabs.ScenariosTest.RegisterTest@7ee8290b]" started-at="2025-09-12T21:56:26 IST" name="ValidRegisterTC1" data-provider="DataSet" finished-at="2025-09-12T21:56:29 IST" duration-ms="3310" status="FAIL">
          <params>
            <param index="0">
              <value>
                <![CDATA[{TelePhone=9022320931, Email=naveen163@gmail.com, LName=LastName, FName=naveen121, Password=Abcd@@1234}]]>
              </value>
            </param>
          </params>
          <exception class="java.lang.AssertionError">
            <message>
              <![CDATA[expected [Your Account Has Been Created!] but found [Register Account]]]>
            </message>
            <full-stacktrace>
              <![CDATA[java.lang.AssertionError: expected [Your Account Has Been Created!] but found [Register Account]
at org.testng.Assert.fail(Assert.java:111)
at org.testng.Assert.failNotEquals(Assert.java:1590)
at org.testng.Assert.assertEqualsImpl(Assert.java:150)
at org.testng.Assert.assertEquals(Assert.java:132)
at org.testng.Assert.assertEquals(Assert.java:656)
at org.testng.Assert.assertEquals(Assert.java:666)
at NaveenAutomationLabs.ScenariosTest.RegisterTest.ValidRegisterTC1(RegisterTest.java:27)
at java.base/jdk.internal.reflect.DirectMethodHandleAccessor.invoke(DirectMethodHandleAccessor.java:103)
at java.base/java.lang.reflect.Method.invoke(Method.java:580)
at org.testng.internal.invokers.MethodInvocationHelper.invokeMethod(MethodInvocationHelper.java:141)
at org.testng.internal.invokers.TestInvoker.invokeMethod(TestInvoker.java:687)
at org.testng.internal.invokers.TestInvoker.invokeTestMethod(TestInvoker.java:230)
at org.testng.internal.invokers.MethodRunner.runInSequence(MethodRunner.java:63)
at org.testng.internal.invokers.TestInvoker$MethodInvocationAgent.invoke(TestInvoker.java:995)
at org.testng.internal.invokers.TestInvoker.invokeTestMethods(TestInvoker.java:203)
at org.testng.internal.invokers.TestMethodWorker.invokeTestMethods(TestMethodWorker.java:154)
at org.testng.internal.invokers.TestMethodWorker.run(TestMethodWorker.java:134)
at java.base/java.util.ArrayList.forEach(ArrayList.java:1597)
at org.testng.TestRunner.privateRun(TestRunner.java:741)
at org.testng.TestRunner.run(TestRunner.java:616)
at org.testng.SuiteRunner.runTest(SuiteRunner.java:421)
at org.testng.SuiteRunner.runSequentially(SuiteRunner.java:413)
at org.testng.SuiteRunner.privateRun(SuiteRunner.java:373)
at org.testng.SuiteRunner.run(SuiteRunner.java:312)
at org.testng.SuiteRunnerWorker.runSuite(SuiteRunnerWorker.java:52)
at org.testng.SuiteRunnerWorker.run(SuiteRunnerWorker.java:95)
at org.testng.TestNG.runSuitesSequentially(TestNG.java:1274)
at org.testng.TestNG.runSuitesLocally(TestNG.java:1208)
at org.testng.TestNG.runSuites(TestNG.java:1112)
at org.testng.TestNG.run(TestNG.java:1079)
at org.testng.remote.AbstractRemoteTestNG.run(AbstractRemoteTestNG.java:115)
at org.testng.remote.RemoteTestNG.initAndRun(RemoteTestNG.java:293)
at org.testng.remote.RemoteTestNG.main(RemoteTestNG.java:91)
]]>
            </full-stacktrace>
          </exception> <!-- java.lang.AssertionError -->
          <reporter-output>
          </reporter-output>
        </test-method> <!-- ValidRegisterTC1 -->
        <test-method signature="ValidRegisterTC1(java.util.HashMap)[pri:0, instance:NaveenAutomationLabs.ScenariosTest.RegisterTest@7ee8290b]" started-at="2025-09-12T21:56:29 IST" name="ValidRegisterTC1" data-provider="DataSet" finished-at="2025-09-12T21:56:31 IST" duration-ms="1967" status="PASS">
          <params>
            <param index="0">
              <value>
                <![CDATA[{TelePhone=9022320931, Email=naveen164@gmail.com, LName=LastName, FName=NaveenTest2, Password=Abcd@@1234}]]>
              </value>
            </param>
          </params>
          <reporter-output>
          </reporter-output>
        </test-method> <!-- ValidRegisterTC1 -->
        <test-method is-config="true" signature="tearDown()[pri:0, instance:NaveenAutomationLabs.ScenariosTest.RegisterTest@7ee8290b]" started-at="2025-09-12T21:56:31 IST" name="tearDown" finished-at="2025-09-12T21:56:32 IST" duration-ms="197" status="PASS">
          <reporter-output>
          </reporter-output>
        </test-method> <!-- tearDown -->
      </class> <!-- NaveenAutomationLabs.ScenariosTest.RegisterTest -->
    </test> <!-- Default test -->
  </suite> <!-- Default suite -->
</testng-results>
